[System]
Scanner=SkyScan1275
Instrument S/N=16C15010
Software Version=1.0.16
Embedded Controller Version=3.5
Home Directory=C:\SkyScan1275
Source Type=HAMAMATSU_L11871
Camera Type=DEXELA_1512
Camera Pixel Size (um)=75.0
Camera X/Y Ratio=1.0042
[User]
User Name=SkyScan
Computer Name=SKYSCANPC
[Acquisition]
Data Directory=F:\TI_64_new\Ds600Dn600Ls10Ang60
Filename Prefix=600_600_10_60deg
Number Of Files=  721
Number Of Rows= 1536
Number Of Columns= 1944
Filename Index Length=8
Partial Width=OFF
Image crop origin X=0
Image crop origin Y=0
Camera binning=1x1
Image Rotation=-0.37800
Optical Axis (line)=  763
Object to Source (mm)=24.710
Camera to Source (mm)=286.0
Source Voltage (kV)=  90
Source Current (uA)= 100
Image Pixel Size (um)=7.001396
Scaled Image Pixel Size (um)=7.001396
Image Format=TIFF
Depth (bits)=16
Reference Intensity=58000
Exposure (ms)=389
Rotation Step (deg)=0.500
Use 360 Rotation=YES
Scanning position=30.500 mm
Frame Averaging=ON (2)
Random Movement=OFF (30)
Flat Field Correction=ON
FF updating interval=144
Filter=Cu 1mm
Gantry direction=CC
Rotation Direction=CC
Scanning Start Angle=0.000
Type of Detector Motion=STEP AND SHOOT
Scanning Trajectory=ROUND
Number Of Horizontal Offset Positions=1
Suggested HU - Calibration=180000
Study Date and Time=01 May 2019  15h:53m:02s
Scan duration=0h:15m:45s
Maximum vertical TS=5.0
[Reconstruction]
Reconstruction Program=NRecon
Program Version=Version: 1.7.3.1
Program Home Directory=C:\SkyScan1275
Reconstruction engine=GPUReconServer
Engine version=Version: 1.7.3
Reconstruction from batch=No
Postalignment Applied=1
Postalignment=2.50
Reconstruction servers= SKYSCANPC 
Dataset Origin=SkyScan1275
Dataset Prefix=600_600_10_60deg
Dataset Directory=F:\TI_64_new\Ds600Dn600Ls10Ang60
Output Directory=F:\TI_64_new\Ds600Dn600Ls10Ang60\600_600_10_60deg_Rec
Time and Date=May 01, 2019  16:00:49
First Section=51
Last Section=1447
Reconstruction duration per slice (seconds)=0.141016
Total reconstruction time (1397 slices) in seconds=197.000000
Section to Section Step=1
Sections Count=1397
Result File Type=BMP
Result File Header Length (bytes)=1134
Result Image Width (pixels)=504
Result Image Height (pixels)=504
Pixel Size (um)=7.00140
Reconstruction Angular Range (deg)=360.00
Use 180+=OFF
Angular Step (deg)=0.5000
Smoothing=0
Ring Artifact Correction=5
Draw Scales=OFF
Object Bigger than FOV=OFF
Reconstruction from ROI=ON_ROUND
ROI Top (pixels)=1181
ROI Bottom (pixels)=674
ROI Left (pixels)=825
ROI Right (pixels)=1332
ROI reference length=1944
Filter cutoff relative to Nyquist frequency=100
Filter type=0
Filter type description=Hamming (Alpha=0.54)
Undersampling factor=1
Threshold for defect pixel mask (%)=0
Beam Hardening Correction (%)=10
CS Static Rotation (deg)=0.00
CS Static Rotation Total(deg)=0.00
Minimum for CS to Image Conversion=0.000000
Maximum for CS to Image Conversion=0.053759
HU Calibration=ON
HU Calibration scale=180000
BMP LUT=0
Cone-beam Angle Horiz.(deg)=30.796074
Cone-beam Angle Vert.(deg)=24.553164
